00:00:00.004573 main     VirtualBox COM Server 7.0.14 r161095 win.amd64 (Jan 15 2024 14:59:30) release log
00:00:00.004575 main     Log opened 2024-03-01T08:09:37.743859200Z
00:00:00.004576 main     Build Type: release
00:00:00.004582 main     OS Product: Windows 11
00:00:00.004583 main     OS Release: 10.0.22631
00:00:00.004584 main     OS Service Pack: 
00:00:00.025795 main     DMI Product Name: Victus by HP Gaming Laptop 15-fb0xxx
00:00:00.040422 main     DMI Product Version:  
00:00:00.040440 main     Firmware type: UEFI
00:00:00.041007 main     Secure Boot: VERR_PRIVILEGE_NOT_HELD
00:00:00.041053 main     Host RAM: 7519MB (7.3GB) total, 829MB available
00:00:00.041058 main     Executable: C:\Program Files\Oracle\VirtualBox\VBoxSVC.exe
00:00:00.041059 main     Process ID: 24320
00:00:00.041059 main     Package type: WINDOWS_64BITS_GENERIC
00:00:00.125818          VirtualBox: object creation starts
00:00:00.127811          Home directory: 'C:\Users\Rohan dabas\.VirtualBox'
00:00:00.128411          Installed Drivers:
00:00:00.132354            C:\WINDOWS\system32\DRIVERS\VBoxNetLwf.sys (Version: 7.0.14.11095)
00:00:00.133790            C:\WINDOWS\system32\DRIVERS\VBoxUSBMon.sys (Version: 7.0.14.11095)
00:00:00.134603            C:\WINDOWS\system32\DRIVERS\VBoxSup.sys (Version: 7.0.14.11095)
00:00:00.136042            C:\WINDOWS\system32\DRIVERS\VBoxNetAdp6.sys (Version: 7.0.14.11095)
00:00:00.156662          Loading settings file "C:\Users\Rohan dabas\.VirtualBox\VirtualBox.xml" with version "1.12-windows"
00:00:00.164983          usbLibGetDevices: Starting USB device enumeration
00:00:00.165935          Getting USB descriptor (id 0) failed (dwErr=31) on hub USB#ROOT_HUB30#5&2ccd29bd&0&0#{f18a0e88-c30c-11d0-8815-00a0c906bed8} port 3
00:00:00.166354          Getting USB descriptor (id 0) failed (dwErr=31) on hub USB#ROOT_HUB30#5&2ccd29bd&0&0#{f18a0e88-c30c-11d0-8815-00a0c906bed8} port 4
00:00:00.169344          usbLibGetDevices: Found 2 USB devices, 0 captured
00:00:00.170819          USB: Unknown USB device detected (idVendor: 0x04f2, idProduct: 0xb766)
00:00:00.171864          USB: Unknown USB device detected (idVendor: 0x13d3, idProduct: 0x3567)
00:00:00.249574          HostDnsMonitor: initializing
00:00:00.264888          HostDnsMonitor: updating information
00:00:00.265569          HostDnsMonitor: old information
00:00:00.265570            no server entries
00:00:00.265571            no domain set
00:00:00.265572            no search string entries
00:00:00.265572          HostDnsMonitor: new information
00:00:00.265573            server 1: 10.6.0.108
00:00:00.265574            server 2: 10.6.0.122
00:00:00.265574            domain: bennett.edu.in
00:00:00.265575            no search string entries
00:00:00.276039          VD: VDInit finished with VINF_SUCCESS
00:00:00.298248          Loading settings file "C:\Users\Rohan dabas\VirtualBox VMs\Ubuntu 22.04\Ubuntu 22.04.vbox" with version "1.19-windows"
00:00:00.305681          VirtualBox: object created
00:00:00.394306          Saving settings file "C:\Users\Rohan dabas\.VirtualBox\VirtualBox.xml" with version "1.12-windows"
00:00:00.398141          Finished saving settings file "C:\Users\Rohan dabas\.VirtualBox\VirtualBox.xml"
00:00:00.398344          Saving settings file "C:\Users\Rohan dabas\.VirtualBox\VirtualBox.xml" with version "1.12-windows"
00:00:00.401013          Finished saving settings file "C:\Users\Rohan dabas\.VirtualBox\VirtualBox.xml"
00:00:00.401235          Saving settings file "C:\Users\Rohan dabas\.VirtualBox\VirtualBox.xml" with version "1.12-windows"
00:00:00.404089          Finished saving settings file "C:\Users\Rohan dabas\.VirtualBox\VirtualBox.xml"
00:00:02.636804          ERROR [COM]: aRC=VBOX_E_INVALID_VM_STATE (0x80bb0002) aIID={300763af-5d6b-46e6-aa96-273eac15538a} aComponent={MachineWrap} aText={The machine is not mutable (state is PoweredOff)}, preserve=false aResultDetail=0
00:00:06.469366          Launched VM: 1333588944 pid: 23300 (0x5b04) frontend: GUI/Qt name: Ubuntu 22.04
00:00:06.493944          ERROR [COM]: aRC=VBOX_E_INVALID_VM_STATE (0x80bb0002) aIID={300763af-5d6b-46e6-aa96-273eac15538a} aComponent={MachineWrap} aText={The machine is not mutable (state is PoweredOff)}, preserve=false aResultDetail=0
00:00:13.046002          ERROR [COM]: aRC=VBOX_E_INVALID_VM_STATE (0x80bb0002) aIID={300763af-5d6b-46e6-aa96-273eac15538a} aComponent={MachineWrap} aText={The machine is not mutable (state is PoweredOff)}, preserve=false aResultDetail=0
00:00:13.640928          ERROR [COM]: aRC=VBOX_E_OBJECT_NOT_FOUND (0x80bb0001) aIID={70401eef-c8e9-466b-9660-45cb3e9979e4} aComponent={ExtPackManagerWrap} aText={No extension pack by the name 'Oracle VM VirtualBox Extension Pack' was found}, preserve=false aResultDetail=0
00:00:15.309549          ERROR [COM]: aRC=VBOX_E_IPRT_ERROR (0x80bb0005) aIID={300763af-5d6b-46e6-aa96-273eac15538a} aComponent={SessionMachine} aText={Saved screenshot data is not available (VERR_NOT_SUPPORTED)}, preserve=false aResultDetail=-37
00:00:15.635530          ERROR [COM]: aRC=VBOX_E_INVALID_VM_STATE (0x80bb0002) aIID={300763af-5d6b-46e6-aa96-273eac15538a} aComponent={MachineWrap} aText={The machine is not mutable (state is Starting)}, preserve=false aResultDetail=0
00:00:16.852538          ERROR [COM]: aRC=VBOX_E_OBJECT_NOT_FOUND (0x80bb0001) aIID={ad47ad09-787b-44ab-b343-a082a3f2dfb1} aComponent={MediumWrap} aText={Property 'CRYPT/KeyId' does not exist}, preserve=false aResultDetail=0
00:00:16.890918          ERROR [COM]: aRC=VBOX_E_INVALID_VM_STATE (0x80bb0002) aIID={300763af-5d6b-46e6-aa96-273eac15538a} aComponent={MachineWrap} aText={The machine is not mutable (state is Running)}, preserve=false aResultDetail=0
00:02:21.539263 USBPROXY usbLibGetDevices: Starting USB device enumeration
00:02:21.540476 USBPROXY Getting USB descriptor (id 0) failed (dwErr=31) on hub USB#ROOT_HUB30#5&2ccd29bd&0&0#{f18a0e88-c30c-11d0-8815-00a0c906bed8} port 3
00:02:21.540548 USBPROXY Getting USB descriptor (id 0) failed (dwErr=31) on hub USB#ROOT_HUB30#5&2ccd29bd&0&0#{f18a0e88-c30c-11d0-8815-00a0c906bed8} port 4
00:02:21.540752 USBPROXY usbLibGetDevices: Found 2 USB devices, 0 captured
00:02:54.393314 dns-monitor HostDnsMonitor: updating information
00:02:54.393349 dns-monitor HostDnsMonitor: unchanged
00:38:49.471844 dns-monitor HostDnsMonitor: updating information
00:38:49.472296 dns-monitor HostDnsMonitor: old information
00:38:49.472308 dns-monitor   server 1: 10.6.0.108
00:38:49.472318 dns-monitor   server 2: 10.6.0.122
00:38:49.472326 dns-monitor   domain: bennett.edu.in
00:38:49.472334 dns-monitor   no search string entries
00:38:49.472339 dns-monitor HostDnsMonitor: new information
00:38:49.472343 dns-monitor   server 1: 192.168.162.46
00:38:49.472351 dns-monitor   no domain set
00:38:49.472357 dns-monitor   no search string entries
00:49:40.776413 dns-monitor HostDnsMonitor: updating information
00:49:40.776457 dns-monitor HostDnsMonitor: old information
00:49:40.776463 dns-monitor   server 1: 192.168.162.46
00:49:40.776467 dns-monitor   no domain set
00:49:40.776471 dns-monitor   no search string entries
00:49:40.776476 dns-monitor HostDnsMonitor: new information
00:49:40.776479 dns-monitor   no server entries
00:49:40.776483 dns-monitor   no domain set
00:49:40.776487 dns-monitor   no search string entries
00:49:43.889450 dns-monitor HostDnsMonitor: updating information
00:49:43.889486 dns-monitor HostDnsMonitor: old information
00:49:43.889493 dns-monitor   no server entries
00:49:43.889500 dns-monitor   no domain set
00:49:43.889507 dns-monitor   no search string entries
00:49:43.889514 dns-monitor HostDnsMonitor: new information
00:49:43.889520 dns-monitor   server 1: 192.168.5.71
00:49:43.889527 dns-monitor   no domain set
00:49:43.889532 dns-monitor   no search string entries
00:52:37.765957 dns-monitor HostDnsMonitor: updating information
00:52:37.766004 dns-monitor HostDnsMonitor: old information
00:52:37.766014 dns-monitor   server 1: 192.168.5.71
00:52:37.766023 dns-monitor   no domain set
00:52:37.766029 dns-monitor   no search string entries
00:52:37.766043 dns-monitor HostDnsMonitor: new information
00:52:37.766054 dns-monitor   server 1: 192.168.162.46
00:52:37.766061 dns-monitor   no domain set
00:52:37.766068 dns-monitor   no search string entries
01:03:06.870084          ERROR [COM]: aRC=VBOX_E_IPRT_ERROR (0x80bb0005) aIID={300763af-5d6b-46e6-aa96-273eac15538a} aComponent={SessionMachine} aText={Saved screenshot data is not available (VERR_NOT_SUPPORTED)}, preserve=false aResultDetail=-37
01:03:06.965117          Saving settings file "C:\Users\Rohan dabas\VirtualBox VMs\Ubuntu 22.04\Ubuntu 22.04.vbox" with version "1.19-windows"
01:03:06.975326          Finished saving settings file "C:\Users\Rohan dabas\VirtualBox VMs\Ubuntu 22.04\Ubuntu 22.04.vbox"
01:03:07.091929          ERROR [COM]: aRC=VBOX_E_INVALID_VM_STATE (0x80bb0002) aIID={300763af-5d6b-46e6-aa96-273eac15538a} aComponent={MachineWrap} aText={The machine is not mutable (state is Running)}, preserve=false aResultDetail=0
01:08:03.341439          ERROR [COM]: aRC=VBOX_E_IPRT_ERROR (0x80bb0005) aIID={300763af-5d6b-46e6-aa96-273eac15538a} aComponent={SessionMachine} aText={Saved screenshot data is not available (VERR_NOT_SUPPORTED)}, preserve=false aResultDetail=-37
01:08:03.442671          Saving settings file "C:\Users\Rohan dabas\VirtualBox VMs\Ubuntu 22.04\Ubuntu 22.04.vbox" with version "1.19-windows"
01:08:03.446880          Finished saving settings file "C:\Users\Rohan dabas\VirtualBox VMs\Ubuntu 22.04\Ubuntu 22.04.vbox"
01:08:03.472948          ERROR [COM]: aRC=VBOX_E_INVALID_VM_STATE (0x80bb0002) aIID={300763af-5d6b-46e6-aa96-273eac15538a} aComponent={MachineWrap} aText={The machine is not mutable (state is Running)}, preserve=false aResultDetail=0
01:19:38.170063          ERROR [COM]: aRC=VBOX_E_INVALID_VM_STATE (0x80bb0002) aIID={300763af-5d6b-46e6-aa96-273eac15538a} aComponent={MachineWrap} aText={The machine is not mutable (state is Stopping)}, preserve=false aResultDetail=0
01:19:38.546621          Saving settings file "C:\Users\Rohan dabas\VirtualBox VMs\Ubuntu 22.04\Ubuntu 22.04.vbox" with version "1.19-windows"
01:19:38.552204          Finished saving settings file "C:\Users\Rohan dabas\VirtualBox VMs\Ubuntu 22.04\Ubuntu 22.04.vbox"
01:19:38.577619          ERROR [COM]: aRC=VBOX_E_INVALID_VM_STATE (0x80bb0002) aIID={300763af-5d6b-46e6-aa96-273eac15538a} aComponent={MachineWrap} aText={The machine is not mutable (state is PoweredOff)}, preserve=false aResultDetail=0
01:19:40.105973          ERROR [COM]: aRC=VBOX_E_INVALID_VM_STATE (0x80bb0002) aIID={300763af-5d6b-46e6-aa96-273eac15538a} aComponent={MachineWrap} aText={The machine is not mutable (state is PoweredOff)}, preserve=false aResultDetail=0
01:19:47.895957 main     VirtualBox: object deletion starts
01:19:47.917559 main     ERROR [COM]: aRC=VBOX_E_OBJECT_IN_USE (0x80bb000c) aIID={ad47ad09-787b-44ab-b343-a082a3f2dfb1} aComponent={MediumWrap} aText={Medium 'C:\Users\Rohan dabas\VirtualBox VMs\Ubuntu 22.04\Ubuntu 22.04.vdi' cannot be closed because it is still attached to 1 virtual machines}, preserve=false aResultDetail=0
01:19:47.922072 main     HostDnsMonitor: shutting down ...
01:19:47.922555 main     HostDnsMonitor: shut down
01:19:47.926525 Watcher  ERROR [COM]: aRC=E_ACCESSDENIED (0x80070005) aIID={7682d5eb-f00e-44f1-8ca2-99d08b1cd607} aComponent={VirtualBoxWrap} aText={The object is not ready}, preserve=false aResultDetail=0
01:19:47.927453 main     VirtualBox: object deleted
